<?xml version="1.0" encoding="UTF-8"?>
<testsuite name="stqa.pft.addressbook.tests.ContactPhoneTests" tests="1" skipped="0" failures="0" errors="0" timestamp="2018-04-13T19:55:37" hostname="LAPTOP-TKE89T3R" time="1.102">
  <properties/>
  <testcase name="testContactPhones" classname="stqa.pft.addressbook.tests.ContactPhoneTests" time="1.102"/>
  <system-out><![CDATA[]]></system-out>
  <system-err><![CDATA[]]></system-err>
</testsuite>
